<?xml version="1.0" encoding="UTF-8"?>
<testng-results skipped="0" failed="0" total="1" passed="1">
  <reporter-output>
  </reporter-output>
  <suite name="Default suite" duration-ms="32260" started-at="2018-08-19T01:23:46Z" finished-at="2018-08-19T01:24:18Z">
    <groups>
    </groups>
    <test name="Default test" duration-ms="32260" started-at="2018-08-19T01:23:46Z" finished-at="2018-08-19T01:24:18Z">
      <class name="com.cnb.Psi">
        <test-method status="PASS" signature="psiTest()[pri:0, instance:com.cnb.Psi@56f4468b]" name="psiTest" duration-ms="32238" started-at="2018-08-18T18:23:46Z" finished-at="2018-08-18T18:24:18Z">
          <reporter-output>
          </reporter-output>
        </test-method> <!-- psiTest -->
      </class> <!-- com.cnb.Psi -->
    </test> <!-- Default test -->
  </suite> <!-- Default suite -->
</testng-results>
